{"level":"info","message":"Server iniciado na porta 3003 ","service":"user-service"}
{"level":"info","message":"Server iniciado na porta 3003","service":"user-service"}
{"level":"info","message":"Server iniciado na porta 3003 ","service":"user-service"}
{"level":"info","message":"Server iniciado na porta 3003","service":"user-service"}
{"level":"info","message":"Server iniciado na porta 3003 ","service":"user-service"}
{"level":"info","message":"Server iniciado na porta 3003","service":"user-service"}
{"level":"info","message":"Server iniciado na porta 3003 ","service":"user-service"}
{"level":"info","message":"Server iniciado na porta 3003","service":"user-service"}
{"level":"info","message":"Server iniciado na porta 3003 ","service":"user-service"}
{"level":"info","message":"Server iniciado na porta 3003","service":"user-service"}
{"level":"info","message":"Server iniciado na porta 3003 ","service":"user-service"}
{"level":"info","message":"Server iniciado na porta 3003","service":"user-service"}
{"level":"info","message":"Server iniciado na porta 3003 ","service":"user-service"}
{"level":"info","message":"Server iniciado na porta 3003","service":"user-service"}
{"level":"info","message":"Server iniciado na porta 3003 ","service":"user-service"}
{"level":"info","message":"Server iniciado na porta 3003","service":"user-service"}
{"level":"info","message":"Server iniciado na porta 3003 ","service":"user-service"}
{"level":"info","message":"Server iniciado na porta 3003","service":"user-service"}
{"level":"info","message":"Server iniciado na porta 3003 ","service":"user-service"}
{"level":"info","message":"Server iniciado na porta 3003","service":"user-service"}
{"level":"info","message":"Server iniciado na porta 3003 ","service":"user-service"}
{"level":"info","message":"Server iniciado na porta 3003","service":"user-service"}
{"level":"info","message":"Server iniciado na porta 3003 ","service":"user-service"}
{"level":"info","message":"Server iniciado na porta 3003","service":"user-service"}
{"level":"info","message":"Server iniciado na porta 3003 ","service":"user-service"}
{"level":"info","message":"Usuário criado: 6622e9570818f20f99825040","service":"user-service"}
{"level":"info","message":"Server iniciado na porta 3003","service":"user-service"}
{"level":"info","message":"Server iniciado na porta 3003 ","service":"user-service"}
{"level":"info","message":"Server iniciado na porta 3003","service":"user-service"}
{"level":"info","message":"Server iniciado na porta 3003 ","service":"user-service"}
{"level":"info","message":"Server iniciado na porta 3003","service":"user-service"}
{"level":"info","message":"Server iniciado na porta 3003 ","service":"user-service"}
{"level":"info","message":"Server iniciado na porta 3003","service":"user-service"}
{"level":"info","message":"Server iniciado na porta 3003 ","service":"user-service"}
{"level":"info","message":"Server iniciado na porta 3003","service":"user-service"}
{"level":"info","message":"Server iniciado na porta 3003","service":"user-service"}
{"level":"info","message":"Server iniciado na porta 3003","service":"user-service"}
{"level":"info","message":"Server iniciado na porta 3003 ","service":"user-service"}
{"level":"info","message":"Server iniciado na porta 3003","service":"user-service"}
{"level":"info","message":"Server iniciado na porta 3003 ","service":"user-service"}
{"level":"info","message":"Usuário criado: 6622eaec998e3b92d7f6940c","service":"user-service"}
{"level":"info","message":"Server iniciado na porta 3003","service":"user-service"}
{"level":"info","message":"Server iniciado na porta 3003 ","service":"user-service"}
{"level":"info","message":"Usuário deletado: 6622e9570818f20f99825040","service":"user-service"}
{"level":"info","message":"Server iniciado na porta 3003","service":"user-service"}
{"level":"info","message":"Server iniciado na porta 3003 ","service":"user-service"}
{"level":"info","message":"Server iniciado na porta 3003 ","service":"user-service"}
{"level":"info","message":"Server iniciado na porta 3003 ","service":"user-service"}
{"level":"info","message":"Server iniciado na porta 3003 ","service":"user-service"}
{"level":"info","message":"Server iniciado na porta 3003 ","service":"user-service"}
{"level":"info","message":"Server iniciado na porta 3003 ","service":"user-service"}
{"level":"info","message":"Usuário criado: 66230a27b43cf57c56a4a4aa","service":"user-service"}
{"level":"info","message":"Server iniciado na porta 3003 ","service":"user-service"}
{"level":"info","message":"Região criada: 66230b9bb410b39ea7dbb22d","service":"user-service"}
{"level":"info","message":"Região criada: 66230bfcb410b39ea7dbb230","service":"user-service"}
{"level":"info","message":"Server iniciado na porta 3003 ","service":"user-service"}
{"level":"info","message":"Server iniciado na porta 3003 ","service":"user-service"}
{"level":"info","message":"Região deletada: 66230bfcb410b39ea7dbb230","service":"user-service"}
{"level":"info","message":"Server iniciado na porta 3003 ","service":"user-service"}
{"level":"info","message":"Server iniciado na porta 3003 ","service":"user-service"}
{"level":"info","message":"Server iniciado na porta 3003 ","service":"user-service"}
{"level":"info","message":"Usuário criado: 66230e891c03dd138a39ffa5","service":"user-service"}
{"level":"info","message":"Região criada: 66230ef41c03dd138a39ffab","service":"user-service"}
{"level":"info","message":"Usuário deletado: 66230e891c03dd138a39ffa5","service":"user-service"}
{"level":"info","message":"Server iniciado na porta 3003 ","service":"user-service"}
{"level":"info","message":"Server iniciado na porta 3003 ","service":"user-service"}
{"level":"info","message":"Server iniciado na porta 3003 ","service":"user-service"}
{"level":"info","message":"Usuário deletado: 6622eaec998e3b92d7f6940C","service":"user-service"}
{"level":"info","message":"Usuário criado: 6623118017876abcea7901c3","service":"user-service"}
{"level":"info","message":"Server iniciado na porta 3003 ","service":"user-service"}
{"level":"info","message":"Usuário deletado: 6623118017876abcea7901c3","service":"user-service"}
{"level":"info","message":"Server iniciado na porta 3003 ","service":"user-service"}
{"level":"info","message":"Server iniciado na porta 3003 ","service":"user-service"}
{"level":"info","message":"Usuário criado: 662314047480aae996af239e","service":"user-service"}
{"level":"info","message":"Server iniciado na porta 3003 ","service":"user-service"}
{"level":"info","message":"Usuário deletado: 662314047480aae996af239e","service":"user-service"}
{"level":"info","message":"Usuário deletado: 66230a27b43cf57c56a4a4aa","service":"user-service"}
{"level":"info","message":"Server iniciado na porta 3003 ","service":"user-service"}
{"level":"info","message":"Usuário criado: 662314dc1809343a11f4537e","service":"user-service"}
{"level":"info","message":"Usuário criado: 662314fa1809343a11f45380","service":"user-service"}
{"level":"info","message":"Server iniciado na porta 3003 ","service":"user-service"}
{"level":"info","message":"Server iniciado na porta 3003 ","service":"user-service"}
{"level":"info","message":"Server iniciado na porta 3003 ","service":"user-service"}
{"level":"error","message":"Usuário não encontrado.","service":"user-service"}
{"level":"error","message":"Usuário não encontrado.","service":"user-service"}
{"level":"info","message":"Região criada: 66231731fbd47b97cad39edd","service":"user-service"}
{"level":"info","message":"Server iniciado na porta 3003 ","service":"user-service"}
{"level":"info","message":"Server iniciado na porta 3003 ","service":"user-service"}
{"level":"info","message":"Server iniciado na porta 3003 ","service":"user-service"}
{"level":"info","message":"Região criada: 66231a43ca409cdf4a26d641","service":"user-service"}
{"level":"info","message":"Server iniciado na porta 3003 ","service":"user-service"}
{"level":"info","message":"Server iniciado na porta 3003 ","service":"user-service"}
{"level":"info","message":"Server iniciado na porta 3003 ","service":"user-service"}
{"level":"info","message":"Região deletada: 66231a43ca409cdf4a26d641","service":"user-service"}
{"level":"info","message":"Região criada: 66231ca32bad2a10eb714d86","service":"user-service"}
{"level":"info","message":"Server iniciado na porta 3003 ","service":"user-service"}
{"level":"info","message":"Server iniciado na porta 3003 ","service":"user-service"}
{"level":"info","message":"Server iniciado na porta 3003 ","service":"user-service"}
{"level":"info","message":"Server iniciado na porta 3003 ","service":"user-service"}
{"level":"info","message":"Server iniciado na porta 3003 ","service":"user-service"}
{"level":"info","message":"Server iniciado na porta 3003 ","service":"user-service"}
{"level":"info","message":"Server iniciado na porta 3003 ","service":"user-service"}
{"level":"info","message":"Server iniciado na porta 3003 ","service":"user-service"}
{"level":"info","message":"Server iniciado na porta 3003 ","service":"user-service"}
{"level":"info","message":"Server iniciado na porta 3003 ","service":"user-service"}
{"level":"info","message":"Server iniciado na porta 3003 ","service":"user-service"}
{"level":"info","message":"Server iniciado na porta 3003 ","service":"user-service"}
{"level":"info","message":"Usuário criado: 662326b260a7cf13e078c382","service":"user-service"}
{"level":"info","message":"Server iniciado na porta 3003 ","service":"user-service"}
{"level":"info","message":"Usuário criado: 66232fd41b30293ed0ef2fe9","service":"user-service"}
{"level":"info","message":"Server iniciado na porta 3003 ","service":"user-service"}
{"level":"info","message":"Região criada: 662330f8ffdb564235e298c7","service":"user-service"}
{"level":"info","message":"Server iniciado na porta 3003 ","service":"user-service"}
{"level":"info","message":"Server iniciado na porta 3003 ","service":"user-service"}
{"level":"info","message":"Usuário criado: 662332ebd8bc107b448ff3c3","service":"user-service"}
{"level":"info","message":"Região criada: 66233340d8bc107b448ff3c7","service":"user-service"}
{"level":"info","message":"Usuário criado: 662334a6d8bc107b448ff3d4","service":"user-service"}
{"level":"info","message":"Server iniciado na porta 3003 ","service":"user-service"}
{"level":"info","message":"Server iniciado na porta 3003 ","service":"user-service"}
{"level":"info","message":"Server iniciado na porta 3003 ","service":"user-service"}
{"level":"info","message":"Server iniciado na porta 3003 ","service":"user-service"}
{"level":"info","message":"Server iniciado na porta 3003 ","service":"user-service"}
{"level":"info","message":"Server iniciado na porta 3003 ","service":"user-service"}
{"level":"info","message":"Server iniciado na porta 3003 ","service":"user-service"}
{"level":"info","message":"Server iniciado na porta 3003 ","service":"user-service"}
{"level":"info","message":"Server iniciado na porta 3003 ","service":"user-service"}
{"level":"info","message":"Server iniciado na porta 3003 ","service":"user-service"}
{"level":"info","message":"Server iniciado na porta 3003 ","service":"user-service"}
{"level":"info","message":"Server iniciado na porta 3003 ","service":"user-service"}
{"level":"info","message":"Server iniciado na porta 3003 ","service":"user-service"}
{"level":"info","message":"Server iniciado na porta 3003 ","service":"user-service"}
{"level":"info","message":"Server iniciado na porta 3003 ","service":"user-service"}
{"level":"info","message":"Server iniciado na porta 3003 ","service":"user-service"}
{"level":"info","message":"Server iniciado na porta 3003 ","service":"user-service"}
{"level":"info","message":"Server iniciado na porta 3003 ","service":"user-service"}
{"level":"info","message":"Server iniciado na porta 3003 ","service":"user-service"}
{"level":"info","message":"Server iniciado na porta 3003 ","service":"user-service"}
{"level":"info","message":"Server iniciado na porta 3003 ","service":"user-service"}
{"level":"info","message":"Server iniciado na porta 3003 ","service":"user-service"}
{"level":"info","message":"Usuário criado: 662342faca55735ea0ead338","service":"user-service"}
{"level":"info","message":"Usuário criado: 662343b0ca55735ea0ead33c","service":"user-service"}
{"level":"info","message":"Server iniciado na porta 3003 ","service":"user-service"}
{"level":"info","message":"Server iniciado na porta 3003 ","service":"user-service"}
{"level":"info","message":"Server iniciado na porta 3003 ","service":"user-service"}
{"level":"info","message":"Server iniciado na porta 3003 ","service":"user-service"}
{"level":"info","message":"Região criada: 66234792d24fc0c574cfa885","service":"user-service"}
{"level":"info","message":"Região criada: 66234799d24fc0c574cfa888","service":"user-service"}
{"level":"info","message":"Região criada: 6623479ed24fc0c574cfa88b","service":"user-service"}
{"level":"info","message":"Server iniciado na porta 3003 ","service":"user-service"}
{"level":"info","message":"Server iniciado na porta 3003 ","service":"user-service"}
{"level":"info","message":"Server iniciado na porta 3003 ","service":"user-service"}
{"level":"info","message":"Server iniciado na porta 3003 ","service":"user-service"}
{"level":"info","message":"Server iniciado na porta 3003 ","service":"user-service"}
{"level":"info","message":"Região criada: 66234a3fcad534598710d268","service":"user-service"}
{"level":"info","message":"Server iniciado na porta 3003 ","service":"user-service"}
{"level":"info","message":"Server iniciado na porta 3003 ","service":"user-service"}
{"level":"info","message":"Server iniciado na porta 3003 ","service":"user-service"}
{"level":"info","message":"Server iniciado na porta 3003 ","service":"user-service"}
{"level":"info","message":"Server iniciado na porta 3003 ","service":"user-service"}
{"level":"info","message":"Usuário criado: 66234edc26c52a1d8507461c","service":"user-service"}
{"level":"info","message":"Server iniciado na porta 3003 ","service":"user-service"}
{"level":"info","message":"Server iniciado na porta 3003 ","service":"user-service"}
{"level":"info","message":"Server iniciado na porta 3003 ","service":"user-service"}
{"level":"info","message":"Usuário criado: 6623a904fbb729ecdc019f87","service":"user-service"}
{"level":"info","message":"Server iniciado na porta 3003 ","service":"user-service"}
{"level":"info","message":"Usuário criado: 6623a983a73c9005f744c047","service":"user-service"}
{"level":"info","message":"Server iniciado na porta 3003 ","service":"user-service"}
{"level":"info","message":"Server iniciado na porta 3003 ","service":"user-service"}
{"level":"info","message":"Server iniciado na porta 3003 ","service":"user-service"}
{"level":"info","message":"Server iniciado na porta 3003 ","service":"user-service"}
{"level":"info","message":"Server iniciado na porta 3003 ","service":"user-service"}
{"level":"info","message":"Server iniciado na porta 3003 ","service":"user-service"}
{"level":"info","message":"Server iniciado na porta 3003 ","service":"user-service"}
{"level":"info","message":"Usuário criado: 6623afbc1f0b294685e09d5d","service":"user-service"}
{"level":"info","message":"Região criada: 6623afe71f0b294685e09d61","service":"user-service"}
{"level":"info","message":"Server iniciado na porta 3003 ","service":"user-service"}
{"level":"info","message":"Server iniciado na porta 3003 ","service":"user-service"}
{"level":"info","message":"Server iniciado na porta 3003 ","service":"user-service"}
{"level":"info","message":"Server iniciado na porta 3003 ","service":"user-service"}
{"level":"info","message":"Server iniciado na porta 3003 ","service":"user-service"}
{"level":"info","message":"Server iniciado na porta 3003 ","service":"user-service"}
{"level":"info","message":"Server iniciado na porta 3003 ","service":"user-service"}
{"level":"info","message":"Server iniciado na porta 3003 ","service":"user-service"}
{"level":"info","message":"Server iniciado na porta 3003 ","service":"user-service"}
{"level":"info","message":"Server iniciado na porta 3003 ","service":"user-service"}
{"level":"info","message":"Server iniciado na porta 3003 ","service":"user-service"}
{"level":"info","message":"Região criada: 6623b8581168078063929867","service":"user-service"}
{"level":"info","message":"Região criada: 6623b860aec5cb89751e2fd2","service":"user-service"}
{"level":"info","message":"Região criada: 6623b87ca8d8d24781cb8366","service":"user-service"}
{"level":"info","message":"Região criada: 6623b985dfd21b6c92d5a297","service":"user-service"}
{"level":"info","message":"Região criada: 6623b98a53d166970aae5824","service":"user-service"}
{"level":"error","message":"Usuário não encontrado.","service":"user-service"}
{"level":"error","message":"Usuário não encontrado.","service":"user-service"}
{"level":"info","message":"Região criada: 6623bcaa4272bb8f7098623d","service":"user-service"}
{"level":"error","message":"Usuário não encontrado.","service":"user-service"}
{"level":"info","message":"Server iniciado na porta 3003 ","service":"user-service"}
{"level":"info","message":"Server iniciado na porta 3003 ","service":"user-service"}
{"level":"info","message":"Região deletada: 66234792d24fc0c574cfa885","service":"user-service"}
{"level":"info","message":"Server iniciado na porta 3003 ","service":"user-service"}
{"level":"info","message":"Server iniciado na porta 3003 ","service":"user-service"}
{"level":"info","message":"Server iniciado na porta 3003 ","service":"user-service"}
{"level":"info","message":"Server iniciado na porta 3003 ","service":"user-service"}
{"level":"info","message":"Server iniciado na porta 3003 ","service":"user-service"}
{"level":"info","message":"Server iniciado na porta 3003 ","service":"user-service"}
{"level":"info","message":"Server iniciado na porta 3003 ","service":"user-service"}
{"level":"info","message":"Server iniciado na porta 3003 ","service":"user-service"}
{"level":"info","message":"Server iniciado na porta 3003 ","service":"user-service"}
{"level":"info","message":"Server iniciado na porta 3003 ","service":"user-service"}
{"level":"info","message":"Server iniciado na porta 3003 ","service":"user-service"}
{"level":"info","message":"Server iniciado na porta 3003 ","service":"user-service"}
{"level":"info","message":"Server iniciado na porta 3003 ","service":"user-service"}
{"level":"info","message":"Server iniciado na porta 3003 ","service":"user-service"}
{"level":"info","message":"Server iniciado na porta 3003 ","service":"user-service"}
{"level":"info","message":"Server iniciado na porta 3003 ","service":"user-service"}
{"level":"info","message":"Server iniciado na porta 3003 ","service":"user-service"}
{"level":"info","message":"Server iniciado na porta 3003 ","service":"user-service"}
{"level":"info","message":"Server iniciado na porta 3003 ","service":"user-service"}
{"level":"info","message":"Server iniciado na porta 3003 ","service":"user-service"}
{"level":"info","message":"Server iniciado na porta 3003 ","service":"user-service"}
{"level":"info","message":"Server iniciado na porta 3003 ","service":"user-service"}
{"level":"info","message":"Server iniciado na porta 3003 ","service":"user-service"}
{"level":"info","message":"Server iniciado na porta 3003 ","service":"user-service"}
{"level":"info","message":"Server iniciado na porta 3003 ","service":"user-service"}
{"level":"info","message":"Server iniciado na porta 3003 ","service":"user-service"}
{"level":"info","message":"Server iniciado na porta 3003 ","service":"user-service"}
{"level":"info","message":"Server iniciado na porta 3003 ","service":"user-service"}
{"level":"info","message":"Server iniciado na porta 3003 ","service":"user-service"}
{"level":"info","message":"Server iniciado na porta 3003 ","service":"user-service"}
{"level":"info","message":"Server iniciado na porta 3003 ","service":"user-service"}
{"level":"info","message":"Server iniciado na porta 3003 ","service":"user-service"}
{"level":"info","message":"Server iniciado na porta 3003 ","service":"user-service"}
{"level":"info","message":"Server iniciado na porta 3003 ","service":"user-service"}
{"level":"info","message":"Usuário criado: undefined","service":"user-service"}
{"level":"info","message":"Server iniciado na porta 3003 ","service":"user-service"}
{"level":"info","message":"Server iniciado na porta 3003 ","service":"user-service"}
{"level":"info","message":"Server iniciado na porta 3003 ","service":"user-service"}
{"level":"info","message":"Server iniciado na porta 3003 ","service":"user-service"}
{"level":"info","message":"Server iniciado na porta 3003 ","service":"user-service"}
{"level":"info","message":"Server iniciado na porta 3003 ","service":"user-service"}
{"level":"info","message":"Server iniciado na porta 3003 ","service":"user-service"}
{"level":"info","message":"Usuário deletado: 6623a983a73c9005f744c047","service":"user-service"}
{"level":"info","message":"Server iniciado na porta 3003 ","service":"user-service"}
{"level":"info","message":"Usuário deletado: 66230a27b43cf57c56a4a4aa","service":"user-service"}
{"level":"info","message":"Server iniciado na porta 3003 ","service":"user-service"}
{"level":"info","message":"Server iniciado na porta 3003 ","service":"user-service"}
{"level":"info","message":"Server iniciado na porta 3003 ","service":"user-service"}
{"level":"info","message":"Server iniciado na porta 3003 ","service":"user-service"}
{"level":"info","message":"Server iniciado na porta 3003 ","service":"user-service"}
{"level":"info","message":"Server iniciado na porta 3003 ","service":"user-service"}
{"level":"info","message":"Server iniciado na porta 3003 ","service":"user-service"}
{"level":"info","message":"Server iniciado na porta 3003 ","service":"user-service"}
{"level":"info","message":"Server iniciado na porta 3003 ","service":"user-service"}
{"level":"info","message":"Server iniciado na porta 3003 ","service":"user-service"}
{"level":"info","message":"Server iniciado na porta 3003 ","service":"user-service"}
{"level":"info","message":"Server iniciado na porta 3003 ","service":"user-service"}
{"level":"info","message":"Server iniciado na porta 3003 ","service":"user-service"}
{"level":"info","message":"Server iniciado na porta 3003 ","service":"user-service"}
info: Server iniciado na porta 3003  {"service":"user-service"}
{"level":"info","message":"Server iniciado na porta 3003 "}
{"level":"info","message":"Usuário criado: 662428d0b0086e6788d1ec34"}
{"level":"info","message":"Server iniciado na porta 3003 "}
{"level":"info","message":"Server iniciado na porta 3003 "}
{"level":"info","message":"Buscando usuário: 66232fd41b30293ed0ef2fe9"}
{"level":"info","message":"Exportando usuários para CSV"}
{"level":"info","message":"Server iniciado na porta 3003 "}
{"level":"info","message":"Server iniciado na porta 3003 "}
{"level":"info","message":"Exportando usuários para CSV"}
{"level":"info","message":"Server iniciado na porta 3003 "}
{"level":"info","message":"Exportando usuários para CSV"}
{"level":"info","message":"Server iniciado na porta 3003 "}
{"level":"info","message":"Exportando usuários para CSV"}
{"level":"info","message":"Exportando usuários para CSV"}
{"level":"info","message":"Server iniciado na porta 3003 "}
{"level":"info","message":"Exportando regiões para CSV"}
{"level":"info","message":"Server iniciado na porta 3003 "}
{"level":"info","message":"Exportando regiões para CSV"}
{"level":"info","message":"Exportando regiões para CSV"}
{"level":"info","message":"Buscando todos os usuários"}
{"level":"info","message":"Server iniciado na porta 3003 "}
{"level":"info","message":"Server iniciado na porta 3003 "}
{"level":"info","message":"Exportando regiões para CSV"}
{"level":"info","message":"Exportando usuários para CSV"}
{"level":"info","message":"Buscando todos os usuários"}
{"level":"info","message":"Deletando usuário: 66232fd41b30293ed0ef2fe9999"}
{"level":"info","message":"Deletando usuário: 66232fd41b30293ed0ef2fe9"}
{"level":"info","message":"Usuário deletado: 66232fd41b30293ed0ef2fe9"}
{"level":"info","message":"Server iniciado na porta 3003 "}
{"level":"info","message":"Exportando usuários para CSV"}
{"level":"info","message":"Buscando todos os usuários"}
